0 info it worked if it ends with ok
1 verbose cli [ 'C:\\Program Files\\nodejs\\node.exe',
1 verbose cli   'C:\\Users\\Oona\\AppData\\Roaming\\npm\\node_modules\\npm\\bin\\npm-cli.js',
1 verbose cli   'install' ]
2 info using npm@3.10.2
3 info using node@v4.3.2
4 silly loadCurrentTree Starting
5 silly install loadCurrentTree
6 silly install readLocalPackageData
7 silly install normalizeTree
8 silly loadCurrentTree Finishing
9 silly loadIdealTree Starting
10 silly install loadIdealTree
11 silly cloneCurrentTree Starting
12 silly install cloneCurrentTreeToIdealTree
13 silly cloneCurrentTree Finishing
14 silly loadShrinkwrap Starting
15 silly install loadShrinkwrap
16 silly loadShrinkwrap Finishing
17 silly loadAllDepsIntoIdealTree Starting
18 silly install loadAllDepsIntoIdealTree
19 silly loadAllDepsIntoIdealTree Finishing
20 silly loadIdealTree Finishing
21 silly currentTree eduma_app@0.1.0
21 silly currentTree +-- accepts@1.2.13
21 silly currentTree +-- acorn-globals@1.0.9
21 silly currentTree +-- acorn@2.7.0
21 silly currentTree +-- after@0.8.1
21 silly currentTree +-- align-text@0.1.4
21 silly currentTree +-- amdefine@1.0.0
21 silly currentTree +-- array-flatten@1.1.1
21 silly currentTree +-- arraybuffer.slice@0.0.6
21 silly currentTree +-- asap@1.0.0
21 silly currentTree +-- async@0.2.10
21 silly currentTree +-- backo2@1.0.2
21 silly currentTree +-- base64-arraybuffer@0.1.5
21 silly currentTree +-- base64-url@1.3.2
21 silly currentTree +-- base64id@0.1.0
21 silly currentTree +-- base64url@1.0.6
21 silly currentTree +-- basic-auth@1.0.4
21 silly currentTree +-- bcryptjs@2.3.0
21 silly currentTree +-- benchmark@1.0.0
21 silly currentTree +-- better-assert@1.0.2
21 silly currentTree +-- blob@0.0.4
21 silly currentTree +-- bluebird@2.10.2
21 silly currentTree +-- body-parser@1.15.2
21 silly currentTree +-- bower@1.7.9
21 silly currentTree +-- bson@0.5.5
21 silly currentTree +-- buffer-equal-constant-time@1.0.1
21 silly currentTree +-- buffer-shims@1.0.0
21 silly currentTree +-- bytes@2.4.0
21 silly currentTree +-- callsite@1.0.0
21 silly currentTree +-- camelcase-keys@1.0.0
21 silly currentTree +-- camelcase@1.2.1
21 silly currentTree +-- center-align@0.1.3
21 silly currentTree +-- character-parser@1.2.1
21 silly currentTree +-- clean-css@3.4.19
21 silly currentTree | `-- commander@2.8.1
21 silly currentTree +-- cliui@2.1.0
21 silly currentTree | `-- wordwrap@0.0.2
21 silly currentTree +-- commander@2.6.0
21 silly currentTree +-- component-bind@1.0.0
21 silly currentTree +-- component-emitter@1.1.2
21 silly currentTree +-- component-inherit@0.0.3
21 silly currentTree +-- concat-stream@1.4.10
21 silly currentTree | +-- isarray@0.0.1
21 silly currentTree | `-- readable-stream@1.1.14
21 silly currentTree +-- connect-flash@0.1.1
21 silly currentTree +-- constantinople@3.0.2
21 silly currentTree +-- content-disposition@0.5.1
21 silly currentTree +-- content-type@1.0.2
21 silly currentTree +-- cookie-parser@1.4.3
21 silly currentTree +-- cookie-signature@1.0.6
21 silly currentTree +-- cookie@0.3.1
21 silly currentTree +-- core-util-is@1.0.2
21 silly currentTree +-- crc@3.4.0
21 silly currentTree +-- crypto@0.0.3
21 silly currentTree +-- css-parse@1.0.4
21 silly currentTree +-- css-stringify@1.0.5
21 silly currentTree +-- css@1.0.8
21 silly currentTree +-- debug@2.2.0
21 silly currentTree +-- decamelize@1.2.0
21 silly currentTree +-- depd@1.1.0
21 silly currentTree +-- destroy@1.0.4
21 silly currentTree +-- dotenv@2.0.0
21 silly currentTree +-- ecdsa-sig-formatter@1.0.7
21 silly currentTree +-- ee-first@1.1.1
21 silly currentTree +-- engine.io-client@1.7.0
21 silly currentTree +-- engine.io-parser@1.3.0
21 silly currentTree | +-- has-binary@0.1.6
21 silly currentTree | `-- isarray@0.0.1
21 silly currentTree +-- engine.io@1.7.0
21 silly currentTree | +-- accepts@1.3.3
21 silly currentTree | `-- negotiator@0.6.1
21 silly currentTree +-- es6-promise@3.2.1
21 silly currentTree +-- escape-html@1.0.3
21 silly currentTree +-- etag@1.7.0
21 silly currentTree +-- express-jwt@5.1.0
21 silly currentTree | +-- async@1.5.2
21 silly currentTree | `-- jsonwebtoken@6.2.0
21 silly currentTree +-- express-messages@1.0.1
21 silly currentTree +-- express-session@1.14.1
21 silly currentTree +-- express-unless@0.3.0
21 silly currentTree +-- express-validator@2.20.10
21 silly currentTree | `-- bluebird@3.4.6
21 silly currentTree +-- express@4.13.4
21 silly currentTree | +-- cookie@0.1.5
21 silly currentTree | `-- qs@4.0.0
21 silly currentTree +-- finalhandler@0.4.1
21 silly currentTree +-- forwarded@0.1.0
21 silly currentTree +-- fresh@0.3.0
21 silly currentTree +-- get-stdin@4.0.1
21 silly currentTree +-- graceful-readlink@1.0.1
21 silly currentTree +-- has-binary@0.1.7
21 silly currentTree | `-- isarray@0.0.1
21 silly currentTree +-- has-cors@1.1.0
21 silly currentTree +-- hoek@2.16.3
21 silly currentTree +-- hooks-fixed@1.2.0
21 silly currentTree +-- http-errors@1.5.0
21 silly currentTree +-- iconv-lite@0.4.13
21 silly currentTree +-- indent-string@1.2.2
21 silly currentTree | `-- minimist@1.2.0
21 silly currentTree +-- indexof@0.0.1
21 silly currentTree +-- inherits@2.0.1
21 silly currentTree +-- ipaddr.js@1.0.5
21 silly currentTree +-- is-buffer@1.1.4
21 silly currentTree +-- is-finite@1.0.2
21 silly currentTree +-- is-promise@2.1.0
21 silly currentTree +-- isarray@1.0.0
21 silly currentTree +-- isemail@1.2.0
21 silly currentTree +-- jade@1.11.0
21 silly currentTree +-- joi@6.10.1
21 silly currentTree +-- json3@3.2.6
21 silly currentTree +-- jsonwebtoken@7.1.9
21 silly currentTree +-- jstransformer@0.0.2
21 silly currentTree +-- jwa@1.1.3
21 silly currentTree +-- jws@3.1.3
21 silly currentTree +-- kareem@1.1.3
21 silly currentTree +-- kind-of@3.0.4
21 silly currentTree +-- lazy-cache@1.0.4
21 silly currentTree +-- lodash.once@4.1.1
21 silly currentTree +-- lodash.set@4.3.2
21 silly currentTree +-- lodash@4.16.2
21 silly currentTree +-- longest@1.0.1
21 silly currentTree +-- map-obj@1.0.1
21 silly currentTree +-- media-typer@0.3.0
21 silly currentTree +-- meow@2.0.0
21 silly currentTree | `-- minimist@1.2.0
21 silly currentTree +-- merge-descriptors@1.0.1
21 silly currentTree +-- methods@1.1.2
21 silly currentTree +-- mime-db@1.24.0
21 silly currentTree +-- mime-types@2.1.12
21 silly currentTree +-- mime@1.3.4
21 silly currentTree +-- minimist@0.0.8
21 silly currentTree +-- mkdirp@0.5.1
21 silly currentTree +-- moment@2.15.1
21 silly currentTree +-- mongodb-core@2.0.11
21 silly currentTree +-- mongodb@2.2.9
21 silly currentTree +-- mongoose@4.6.0
21 silly currentTree | `-- async@1.5.2
21 silly currentTree +-- morgan@1.7.0
21 silly currentTree +-- mpath@0.2.1
21 silly currentTree +-- mpromise@0.5.5
21 silly currentTree +-- mquery@1.11.0
21 silly currentTree | `-- sliced@0.0.5
21 silly currentTree +-- ms@0.7.1
21 silly currentTree +-- muri@1.1.0
21 silly currentTree +-- negotiator@0.5.3
21 silly currentTree +-- number-is-nan@1.0.1
21 silly currentTree +-- object-assign@1.0.0
21 silly currentTree +-- object-component@0.0.3
21 silly currentTree +-- on-finished@2.3.0
21 silly currentTree +-- on-headers@1.0.1
21 silly currentTree +-- optimist@0.3.7
21 silly currentTree +-- options@0.0.6
21 silly currentTree +-- parsejson@0.0.1
21 silly currentTree +-- parseqs@0.0.2
21 silly currentTree +-- parseuri@0.0.4
21 silly currentTree +-- parseurl@1.3.1
21 silly currentTree +-- passport-http@0.3.0
21 silly currentTree +-- passport-local@1.0.0
21 silly currentTree +-- passport-strategy@1.0.0
21 silly currentTree +-- passport@0.3.2
21 silly currentTree +-- path-to-regexp@0.1.7
21 silly currentTree +-- pause@0.0.1
21 silly currentTree +-- process-nextick-args@1.0.7
21 silly currentTree +-- promise@6.1.0
21 silly currentTree +-- proxy-addr@1.0.10
21 silly currentTree +-- qs@6.2.0
21 silly currentTree +-- random-bytes@1.0.0
21 silly currentTree +-- range-parser@1.0.3
21 silly currentTree +-- raw-body@2.1.7
21 silly currentTree +-- readable-stream@2.1.5
21 silly currentTree +-- readline@1.3.0
21 silly currentTree +-- regexp-clone@0.0.1
21 silly currentTree +-- repeat-string@1.5.4
21 silly currentTree +-- repeating@1.1.3
21 silly currentTree +-- require_optional@1.0.0
21 silly currentTree +-- resolve-from@2.0.0
21 silly currentTree +-- right-align@0.1.3
21 silly currentTree +-- semver@5.3.0
21 silly currentTree +-- send@0.13.1
21 silly currentTree | +-- http-errors@1.3.1
21 silly currentTree | `-- statuses@1.2.1
21 silly currentTree +-- serve-favicon@2.3.0
21 silly currentTree +-- serve-static@1.10.3
21 silly currentTree | +-- http-errors@1.3.1
21 silly currentTree | +-- send@0.13.2
21 silly currentTree | `-- statuses@1.2.1
21 silly currentTree +-- setprototypeof@1.0.1
21 silly currentTree +-- sliced@1.0.1
21 silly currentTree +-- socket.io-adapter@0.4.0
21 silly currentTree | +-- isarray@0.0.1
21 silly currentTree | `-- socket.io-parser@2.2.2
21 silly currentTree |   `-- debug@0.7.4
21 silly currentTree +-- socket.io-client@1.5.0
21 silly currentTree | `-- component-emitter@1.2.0
21 silly currentTree +-- socket.io-parser@2.2.6
21 silly currentTree | +-- isarray@0.0.1
21 silly currentTree | `-- json3@3.3.2
21 silly currentTree +-- socket.io@1.5.0
21 silly currentTree +-- source-map@0.4.4
21 silly currentTree +-- statuses@1.3.0
21 silly currentTree +-- string_decoder@0.10.31
21 silly currentTree +-- to-array@0.1.4
21 silly currentTree +-- topo@1.1.0
21 silly currentTree +-- transformers@2.1.0
21 silly currentTree | +-- is-promise@1.0.1
21 silly currentTree | +-- promise@2.0.0
21 silly currentTree | +-- source-map@0.1.43
21 silly currentTree | `-- uglify-js@2.2.5
21 silly currentTree +-- type-is@1.6.13
21 silly currentTree +-- typedarray@0.0.6
21 silly currentTree +-- uglify-js@2.7.3
21 silly currentTree | `-- source-map@0.5.6
21 silly currentTree +-- uglify-to-browserify@1.0.2
21 silly currentTree +-- uid-safe@2.1.2
21 silly currentTree +-- ultron@1.0.2
21 silly currentTree +-- unpipe@1.0.0
21 silly currentTree +-- util-deprecate@1.0.2
21 silly currentTree +-- utils-merge@1.0.0
21 silly currentTree +-- validator@5.7.0
21 silly currentTree +-- vary@1.0.1
21 silly currentTree +-- void-elements@2.0.1
21 silly currentTree +-- window-size@0.1.0
21 silly currentTree +-- with@4.0.3
21 silly currentTree | `-- acorn@1.2.2
21 silly currentTree +-- wordwrap@0.0.3
21 silly currentTree +-- ws@1.1.1
21 silly currentTree +-- wtf-8@1.0.0
21 silly currentTree +-- xmlhttprequest-ssl@1.5.1
21 silly currentTree +-- xtend@4.0.1
21 silly currentTree +-- yargs@3.10.0
21 silly currentTree `-- yeast@0.1.2
22 silly idealTree eduma_app@0.1.0
22 silly idealTree +-- accepts@1.2.13
22 silly idealTree +-- acorn-globals@1.0.9
22 silly idealTree +-- acorn@2.7.0
22 silly idealTree +-- after@0.8.1
22 silly idealTree +-- align-text@0.1.4
22 silly idealTree +-- amdefine@1.0.0
22 silly idealTree +-- array-flatten@1.1.1
22 silly idealTree +-- arraybuffer.slice@0.0.6
22 silly idealTree +-- asap@1.0.0
22 silly idealTree +-- async@0.2.10
22 silly idealTree +-- backo2@1.0.2
22 silly idealTree +-- base64-arraybuffer@0.1.5
22 silly idealTree +-- base64-url@1.3.2
22 silly idealTree +-- base64id@0.1.0
22 silly idealTree +-- base64url@1.0.6
22 silly idealTree +-- basic-auth@1.0.4
22 silly idealTree +-- bcryptjs@2.3.0
22 silly idealTree +-- benchmark@1.0.0
22 silly idealTree +-- better-assert@1.0.2
22 silly idealTree +-- blob@0.0.4
22 silly idealTree +-- bluebird@2.10.2
22 silly idealTree +-- body-parser@1.15.2
22 silly idealTree +-- bower@1.7.9
22 silly idealTree +-- bson@0.5.5
22 silly idealTree +-- buffer-equal-constant-time@1.0.1
22 silly idealTree +-- buffer-shims@1.0.0
22 silly idealTree +-- bytes@2.4.0
22 silly idealTree +-- callsite@1.0.0
22 silly idealTree +-- camelcase-keys@1.0.0
22 silly idealTree +-- camelcase@1.2.1
22 silly idealTree +-- center-align@0.1.3
22 silly idealTree +-- character-parser@1.2.1
22 silly idealTree +-- clean-css@3.4.19
22 silly idealTree | `-- commander@2.8.1
22 silly idealTree +-- cliui@2.1.0
22 silly idealTree | `-- wordwrap@0.0.2
22 silly idealTree +-- commander@2.6.0
22 silly idealTree +-- component-bind@1.0.0
22 silly idealTree +-- component-emitter@1.1.2
22 silly idealTree +-- component-inherit@0.0.3
22 silly idealTree +-- concat-stream@1.4.10
22 silly idealTree | +-- isarray@0.0.1
22 silly idealTree | `-- readable-stream@1.1.14
22 silly idealTree +-- connect-flash@0.1.1
22 silly idealTree +-- constantinople@3.0.2
22 silly idealTree +-- content-disposition@0.5.1
22 silly idealTree +-- content-type@1.0.2
22 silly idealTree +-- cookie-parser@1.4.3
22 silly idealTree +-- cookie-signature@1.0.6
22 silly idealTree +-- cookie@0.3.1
22 silly idealTree +-- core-util-is@1.0.2
22 silly idealTree +-- crc@3.4.0
22 silly idealTree +-- crypto@0.0.3
22 silly idealTree +-- css-parse@1.0.4
22 silly idealTree +-- css-stringify@1.0.5
22 silly idealTree +-- css@1.0.8
22 silly idealTree +-- debug@2.2.0
22 silly idealTree +-- decamelize@1.2.0
22 silly idealTree +-- depd@1.1.0
22 silly idealTree +-- destroy@1.0.4
22 silly idealTree +-- dotenv@2.0.0
22 silly idealTree +-- ecdsa-sig-formatter@1.0.7
22 silly idealTree +-- ee-first@1.1.1
22 silly idealTree +-- engine.io-client@1.7.0
22 silly idealTree +-- engine.io-parser@1.3.0
22 silly idealTree | +-- has-binary@0.1.6
22 silly idealTree | `-- isarray@0.0.1
22 silly idealTree +-- engine.io@1.7.0
22 silly idealTree | +-- accepts@1.3.3
22 silly idealTree | `-- negotiator@0.6.1
22 silly idealTree +-- es6-promise@3.2.1
22 silly idealTree +-- escape-html@1.0.3
22 silly idealTree +-- etag@1.7.0
22 silly idealTree +-- express-jwt@5.1.0
22 silly idealTree | +-- async@1.5.2
22 silly idealTree | `-- jsonwebtoken@6.2.0
22 silly idealTree +-- express-messages@1.0.1
22 silly idealTree +-- express-session@1.14.1
22 silly idealTree +-- express-unless@0.3.0
22 silly idealTree +-- express-validator@2.20.10
22 silly idealTree | `-- bluebird@3.4.6
22 silly idealTree +-- express@4.13.4
22 silly idealTree | +-- cookie@0.1.5
22 silly idealTree | `-- qs@4.0.0
22 silly idealTree +-- finalhandler@0.4.1
22 silly idealTree +-- forwarded@0.1.0
22 silly idealTree +-- fresh@0.3.0
22 silly idealTree +-- get-stdin@4.0.1
22 silly idealTree +-- graceful-readlink@1.0.1
22 silly idealTree +-- has-binary@0.1.7
22 silly idealTree | `-- isarray@0.0.1
22 silly idealTree +-- has-cors@1.1.0
22 silly idealTree +-- hoek@2.16.3
22 silly idealTree +-- hooks-fixed@1.2.0
22 silly idealTree +-- http-errors@1.5.0
22 silly idealTree +-- iconv-lite@0.4.13
22 silly idealTree +-- indent-string@1.2.2
22 silly idealTree | `-- minimist@1.2.0
22 silly idealTree +-- indexof@0.0.1
22 silly idealTree +-- inherits@2.0.1
22 silly idealTree +-- ipaddr.js@1.0.5
22 silly idealTree +-- is-buffer@1.1.4
22 silly idealTree +-- is-finite@1.0.2
22 silly idealTree +-- is-promise@2.1.0
22 silly idealTree +-- isarray@1.0.0
22 silly idealTree +-- isemail@1.2.0
22 silly idealTree +-- jade@1.11.0
22 silly idealTree +-- joi@6.10.1
22 silly idealTree +-- json3@3.2.6
22 silly idealTree +-- jsonwebtoken@7.1.9
22 silly idealTree +-- jstransformer@0.0.2
22 silly idealTree +-- jwa@1.1.3
22 silly idealTree +-- jws@3.1.3
22 silly idealTree +-- kareem@1.1.3
22 silly idealTree +-- kind-of@3.0.4
22 silly idealTree +-- lazy-cache@1.0.4
22 silly idealTree +-- lodash.once@4.1.1
22 silly idealTree +-- lodash.set@4.3.2
22 silly idealTree +-- lodash@4.16.2
22 silly idealTree +-- longest@1.0.1
22 silly idealTree +-- map-obj@1.0.1
22 silly idealTree +-- media-typer@0.3.0
22 silly idealTree +-- meow@2.0.0
22 silly idealTree | `-- minimist@1.2.0
22 silly idealTree +-- merge-descriptors@1.0.1
22 silly idealTree +-- methods@1.1.2
22 silly idealTree +-- mime-db@1.24.0
22 silly idealTree +-- mime-types@2.1.12
22 silly idealTree +-- mime@1.3.4
22 silly idealTree +-- minimist@0.0.8
22 silly idealTree +-- mkdirp@0.5.1
22 silly idealTree +-- moment@2.15.1
22 silly idealTree +-- mongodb-core@2.0.11
22 silly idealTree +-- mongodb@2.2.9
22 silly idealTree +-- mongoose@4.6.0
22 silly idealTree | `-- async@1.5.2
22 silly idealTree +-- morgan@1.7.0
22 silly idealTree +-- mpath@0.2.1
22 silly idealTree +-- mpromise@0.5.5
22 silly idealTree +-- mquery@1.11.0
22 silly idealTree | `-- sliced@0.0.5
22 silly idealTree +-- ms@0.7.1
22 silly idealTree +-- muri@1.1.0
22 silly idealTree +-- negotiator@0.5.3
22 silly idealTree +-- number-is-nan@1.0.1
22 silly idealTree +-- object-assign@1.0.0
22 silly idealTree +-- object-component@0.0.3
22 silly idealTree +-- on-finished@2.3.0
22 silly idealTree +-- on-headers@1.0.1
22 silly idealTree +-- optimist@0.3.7
22 silly idealTree +-- options@0.0.6
22 silly idealTree +-- parsejson@0.0.1
22 silly idealTree +-- parseqs@0.0.2
22 silly idealTree +-- parseuri@0.0.4
22 silly idealTree +-- parseurl@1.3.1
22 silly idealTree +-- passport-http@0.3.0
22 silly idealTree +-- passport-local@1.0.0
22 silly idealTree +-- passport-strategy@1.0.0
22 silly idealTree +-- passport@0.3.2
22 silly idealTree +-- path-to-regexp@0.1.7
22 silly idealTree +-- pause@0.0.1
22 silly idealTree +-- process-nextick-args@1.0.7
22 silly idealTree +-- promise@6.1.0
22 silly idealTree +-- proxy-addr@1.0.10
22 silly idealTree +-- qs@6.2.0
22 silly idealTree +-- random-bytes@1.0.0
22 silly idealTree +-- range-parser@1.0.3
22 silly idealTree +-- raw-body@2.1.7
22 silly idealTree +-- readable-stream@2.1.5
22 silly idealTree +-- readline@1.3.0
22 silly idealTree +-- regexp-clone@0.0.1
22 silly idealTree +-- repeat-string@1.5.4
22 silly idealTree +-- repeating@1.1.3
22 silly idealTree +-- require_optional@1.0.0
22 silly idealTree +-- resolve-from@2.0.0
22 silly idealTree +-- right-align@0.1.3
22 silly idealTree +-- semver@5.3.0
22 silly idealTree +-- send@0.13.1
22 silly idealTree | +-- http-errors@1.3.1
22 silly idealTree | `-- statuses@1.2.1
22 silly idealTree +-- serve-favicon@2.3.0
22 silly idealTree +-- serve-static@1.10.3
22 silly idealTree | +-- http-errors@1.3.1
22 silly idealTree | +-- send@0.13.2
22 silly idealTree | `-- statuses@1.2.1
22 silly idealTree +-- setprototypeof@1.0.1
22 silly idealTree +-- sliced@1.0.1
22 silly idealTree +-- socket.io-adapter@0.4.0
22 silly idealTree | +-- isarray@0.0.1
22 silly idealTree | `-- socket.io-parser@2.2.2
22 silly idealTree |   `-- debug@0.7.4
22 silly idealTree +-- socket.io-client@1.5.0
22 silly idealTree | `-- component-emitter@1.2.0
22 silly idealTree +-- socket.io-parser@2.2.6
22 silly idealTree | +-- isarray@0.0.1
22 silly idealTree | `-- json3@3.3.2
22 silly idealTree +-- socket.io@1.5.0
22 silly idealTree +-- source-map@0.4.4
22 silly idealTree +-- statuses@1.3.0
22 silly idealTree +-- string_decoder@0.10.31
22 silly idealTree +-- to-array@0.1.4
22 silly idealTree +-- topo@1.1.0
22 silly idealTree +-- transformers@2.1.0
22 silly idealTree | +-- is-promise@1.0.1
22 silly idealTree | +-- promise@2.0.0
22 silly idealTree | +-- source-map@0.1.43
22 silly idealTree | `-- uglify-js@2.2.5
22 silly idealTree +-- type-is@1.6.13
22 silly idealTree +-- typedarray@0.0.6
22 silly idealTree +-- uglify-js@2.7.3
22 silly idealTree | `-- source-map@0.5.6
22 silly idealTree +-- uglify-to-browserify@1.0.2
22 silly idealTree +-- uid-safe@2.1.2
22 silly idealTree +-- ultron@1.0.2
22 silly idealTree +-- unpipe@1.0.0
22 silly idealTree +-- util-deprecate@1.0.2
22 silly idealTree +-- utils-merge@1.0.0
22 silly idealTree +-- validator@5.7.0
22 silly idealTree +-- vary@1.0.1
22 silly idealTree +-- void-elements@2.0.1
22 silly idealTree +-- window-size@0.1.0
22 silly idealTree +-- with@4.0.3
22 silly idealTree | `-- acorn@1.2.2
22 silly idealTree +-- wordwrap@0.0.3
22 silly idealTree +-- ws@1.1.1
22 silly idealTree +-- wtf-8@1.0.0
22 silly idealTree +-- xmlhttprequest-ssl@1.5.1
22 silly idealTree +-- xtend@4.0.1
22 silly idealTree +-- yargs@3.10.0
22 silly idealTree `-- yeast@0.1.2
23 silly generateActionsToTake Starting
24 silly install generateActionsToTake
25 silly generateActionsToTake Finishing
26 silly diffTrees action count 0
27 silly decomposeActions action count 0
28 silly executeActions Starting
29 silly install executeActions
30 silly doSerial global-install 0
31 silly doParallel fetch 0
32 verbose correctMkdir C:\Users\Oona\AppData\Roaming\npm-cache\_locks correctMkdir not in flight; initializing
33 verbose lock using C:\Users\Oona\AppData\Roaming\npm-cache\_locks\staging-88e7eca6cc07d802.lock for C:\Users\Oona\Desktop\eduma_app\node_modules\.staging
34 silly doParallel extract 0
35 silly doParallel preinstall 0
36 silly doReverseSerial remove 0
37 silly doSerial move 0
38 silly doSerial finalize 0
39 silly doSerial build 0
40 silly doSerial global-link 0
41 silly doParallel update-linked 0
42 silly doSerial install 0
43 silly doSerial postinstall 0
44 verbose unlock done using C:\Users\Oona\AppData\Roaming\npm-cache\_locks\staging-88e7eca6cc07d802.lock for C:\Users\Oona\Desktop\eduma_app\node_modules\.staging
45 silly executeActions Finishing
46 silly rollbackFailedOptional Starting
47 silly rollbackFailedOptional Finishing
48 silly runTopLevelLifecycles Starting
49 silly install runTopLevelLifecycles
50 silly preinstall eduma_app@0.1.0 C:\Users\Oona\Desktop\eduma_app\eduma_app-6f7ce898
51 info lifecycle eduma_app@0.1.0~preinstall: eduma_app@0.1.0
52 silly lifecycle eduma_app@0.1.0~preinstall: no script for preinstall, continuing
53 silly build eduma_app@0.1.0
54 info linkStuff eduma_app@0.1.0
55 silly linkStuff eduma_app@0.1.0 has C:\Users\Oona\Desktop as its parent node_modules
56 verbose linkBins eduma_app@0.1.0
57 verbose linkMans eduma_app@0.1.0
58 silly install eduma_app@0.1.0 C:\Users\Oona\Desktop\eduma_app\eduma_app-6f7ce898
59 info lifecycle eduma_app@0.1.0~install: eduma_app@0.1.0
60 silly lifecycle eduma_app@0.1.0~install: no script for install, continuing
61 silly postinstall eduma_app@0.1.0 C:\Users\Oona\Desktop\eduma_app\eduma_app-6f7ce898
62 info lifecycle eduma_app@0.1.0~postinstall: eduma_app@0.1.0
63 verbose lifecycle eduma_app@0.1.0~postinstall: unsafe-perm in lifecycle true
64 verbose lifecycle eduma_app@0.1.0~postinstall: PATH: C:\Users\Oona\AppData\Roaming\npm\node_modules\npm\bin\node-gyp-bin;C:\Users\Oona\Desktop\eduma_app\node_modules\.bin;C:\Program Files\nodejs;C:\Program Files (x86)\NVIDIA Corporation\PhysX\Common;C:\ProgramData\Oracle\Java\javapath;C:\Program Files (x86)\Intel\iCLS Client\;C:\Program Files\Intel\iCLS Client\;C:\WINDOWS\system32;C:\WINDOWS;C:\WINDOWS\System32\Wbem;C:\WINDOWS\System32\WindowsPowerShell\v1.0\;C:\Program Files (x86)\Intel\OpenCL SDK\3.0\bin\x86;C:\Program Files (x86)\Intel\OpenCL SDK\3.0\bin\x64;C:\Program Files\Intel\Intel(R) Management Engine Components\DAL;C:\Program Files\Intel\Intel(R) Management Engine Components\IPT;C:\Program Files (x86)\Intel\Intel(R) Management Engine Components\DAL;C:\Program Files (x86)\Intel\Intel(R) Management Engine Components\IPT;C:\Program Files (x86)\Windows Kits\8.1\Windows Performance Toolkit\;C:\Program Files\Microsoft SQL Server\110\Tools\Binn\;C:\Program Files (x86)\Microsoft SDKs\TypeScript\1.0\;C:\Program Files\leJOS EV3\bin;C:\Program Files (x86)\Skype\Phone\;C:\Program Files\nodejs\;C:\Program Files (x86)\DevDesktop\drush;C:\Program Files (x86)\Heroku\bin;C:\Program Files\Git\cmd;C:\Users\Oona\AppData\Roaming\npm;%USERPROFILE%\AppData\Local\Microsoft\WindowsApps;
65 verbose lifecycle eduma_app@0.1.0~postinstall: CWD: C:\Users\Oona\Desktop\eduma_app
66 silly lifecycle eduma_app@0.1.0~postinstall: Args: [ '/d /s /c', './node_modules/bower/bin/bower install' ]
67 silly lifecycle eduma_app@0.1.0~postinstall: Returned: code: 1  signal: null
68 info lifecycle eduma_app@0.1.0~postinstall: Failed to exec postinstall script
69 verbose stack Error: eduma_app@0.1.0 postinstall: `./node_modules/bower/bin/bower install`
69 verbose stack Exit status 1
69 verbose stack     at EventEmitter.<anonymous> (C:\Users\Oona\AppData\Roaming\npm\node_modules\npm\lib\utils\lifecycle.js:242:16)
69 verbose stack     at emitTwo (events.js:87:13)
69 verbose stack     at EventEmitter.emit (events.js:172:7)
69 verbose stack     at ChildProcess.<anonymous> (C:\Users\Oona\AppData\Roaming\npm\node_modules\npm\lib\utils\spawn.js:40:14)
69 verbose stack     at emitTwo (events.js:87:13)
69 verbose stack     at ChildProcess.emit (events.js:172:7)
69 verbose stack     at maybeClose (internal/child_process.js:821:16)
69 verbose stack     at Process.ChildProcess._handle.onexit (internal/child_process.js:211:5)
70 verbose pkgid eduma_app@0.1.0
71 verbose cwd C:\Users\Oona\Desktop\eduma_app
72 error Windows_NT 10.0.14393
73 error argv "C:\\Program Files\\nodejs\\node.exe" "C:\\Users\\Oona\\AppData\\Roaming\\npm\\node_modules\\npm\\bin\\npm-cli.js" "install"
74 error node v4.3.2
75 error npm  v3.10.2
76 error code ELIFECYCLE
77 error eduma_app@0.1.0 postinstall: `./node_modules/bower/bin/bower install`
77 error Exit status 1
78 error Failed at the eduma_app@0.1.0 postinstall script './node_modules/bower/bin/bower install'.
78 error Make sure you have the latest version of node.js and npm installed.
78 error If you do, this is most likely a problem with the eduma_app package,
78 error not with npm itself.
78 error Tell the author that this fails on your system:
78 error     ./node_modules/bower/bin/bower install
78 error You can get information on how to open an issue for this project with:
78 error     npm bugs eduma_app
78 error Or if that isn't available, you can get their info via:
78 error     npm owner ls eduma_app
78 error There is likely additional logging output above.
79 verbose exit [ 1, true ]
